<testsuite name="up9.tests.ag.consul.030302.all" tests="1" errors="0" failures="0" time="0.190">
  <testcase classname="up9.tests.ag.consul.030302.all.Tests_collection" name="test_37_get_catalogue" time="0.029"/>
</testsuite>
